  Application.cpp
  ModuleSceneIntro.cpp
C:\Users\cesar\Desktop\PhysicsII_Pinball\Physics II - Box2D - Tutorial\ModuleSceneIntro.cpp(307,45): warning C4244: “参数”: 从“TYPE”转换到“TYPE”，可能丢失数据
          with
          [
              TYPE=int
          ]
          and
          [
              TYPE=float
          ]
C:\Users\cesar\Desktop\PhysicsII_Pinball\Physics II - Box2D - Tutorial\ModuleSceneIntro.cpp(307,30): warning C4244: “参数”: 从“TYPE”转换到“TYPE”，可能丢失数据
          with
          [
              TYPE=int
          ]
          and
          [
              TYPE=float
          ]
C:\Users\cesar\Desktop\PhysicsII_Pinball\Physics II - Box2D - Tutorial\ModuleSceneIntro.cpp(309,18): warning C4244: “参数”: 从“int”转换到“float”，可能丢失数据
C:\Users\cesar\Desktop\PhysicsII_Pinball\Physics II - Box2D - Tutorial\ModuleSceneIntro.cpp(312,70): warning C4244: “参数”: 从“TYPE”转换到“int”，可能丢失数据
          with
          [
              TYPE=float
          ]
C:\Users\cesar\Desktop\PhysicsII_Pinball\Physics II - Box2D - Tutorial\ModuleSceneIntro.cpp(312,47): warning C4244: “参数”: 从“TYPE”转换到“int”，可能丢失数据
          with
          [
              TYPE=float
          ]
C:\Users\cesar\Desktop\PhysicsII_Pinball\Physics II - Box2D - Tutorial\ModuleSceneIntro.cpp(316,138): warning C4244: “参数”: 从“TYPE”转换到“int”，可能丢失数据
          with
          [
              TYPE=float
          ]
C:\Users\cesar\Desktop\PhysicsII_Pinball\Physics II - Box2D - Tutorial\ModuleSceneIntro.cpp(316,96): warning C4244: “参数”: 从“TYPE”转换到“int”，可能丢失数据
          with
          [
              TYPE=float
          ]
C:\Users\cesar\Desktop\PhysicsII_Pinball\Physics II - Box2D - Tutorial\ModuleSceneIntro.cpp(316,57): warning C4244: “参数”: 从“TYPE”转换到“int”，可能丢失数据
          with
          [
              TYPE=float
          ]
C:\Users\cesar\Desktop\PhysicsII_Pinball\Physics II - Box2D - Tutorial\ModuleSceneIntro.cpp(316,34): warning C4244: “参数”: 从“TYPE”转换到“int”，可能丢失数据
          with
          [
              TYPE=float
          ]
  正在生成代码...
  SDL Game.vcxproj -> C:\Users\cesar\Desktop\PhysicsII_Pinball\Physics II - Box2D - Tutorial\Debug\Box2D - Tutorial.exe
